\BOOKMARK [0][-]{chapter.1}{Introdu\347\343o}{}% 1
\BOOKMARK [1][-]{section.1.1}{Contextualiza\347\343o}{chapter.1}% 2
\BOOKMARK [1][-]{section.1.2}{Motiva\347\343o}{chapter.1}% 3
\BOOKMARK [1][-]{section.1.3}{Objetivo}{chapter.1}% 4
\BOOKMARK [0][-]{chapter.2}{Fundamenta\347\343o Te\363rica}{}% 5
\BOOKMARK [1][-]{section.2.1}{A World Wide Web}{chapter.2}% 6
\BOOKMARK [1][-]{section.2.2}{Os Web Browsers}{chapter.2}% 7
\BOOKMARK [1][-]{section.2.3}{HTML5}{chapter.2}% 8
\BOOKMARK [1][-]{section.2.4}{WebP}{chapter.2}% 9
\BOOKMARK [1][-]{section.2.5}{Mozilla Firefox e o WebP}{chapter.2}% 10
\BOOKMARK [0][-]{chapter.3}{Trabalhos Relacionados}{}% 11
\BOOKMARK [1][-]{section.3.1}{JPEG 2000}{chapter.3}% 12
\BOOKMARK [1][-]{section.3.2}{JPEG XR}{chapter.3}% 13
\BOOKMARK [0][-]{chapter.4}{Proposta}{}% 14
\BOOKMARK [1][-]{section.4.1}{Objetivos}{chapter.4}% 15
\BOOKMARK [1][-]{section.4.2}{Ambiente de Desenvolvimento}{chapter.4}% 16
\BOOKMARK [0][-]{chapter.5}{Recursos Necess\341rios}{}% 17
\BOOKMARK [1][-]{section.5.1}{Recursos de Hardware}{chapter.5}% 18
\BOOKMARK [1][-]{section.5.2}{Recursos de Software}{chapter.5}% 19
\BOOKMARK [0][-]{chapter.6}{Tarefas a serem desenvolvidas}{}% 20
\BOOKMARK [1][-]{section.6.1}{Atividades}{chapter.6}% 21
\BOOKMARK [1][-]{section.6.2}{Cronograma}{chapter.6}% 22
\BOOKMARK [0][-]{figure.6.1}{Refer\352ncias Bibliogr\341ficas}{}% 23
